<?xml version="1.0" encoding="UTF-8"?>
<coverage generated="1740071624669" clover="3.2.0">
  <project timestamp="1740071624669" name="All files">
    <metrics statements="2" coveredstatements="2" conditionals="0" coveredconditionals="0" methods="0" coveredmethods="0" elements="2" coveredelements="2" complexity="0" loc="2" ncloc="2" packages="1" files="1" classes="1"/>
    <file name="VueTeste.vue" path="/home/valter/projects/js/coverage-reproduction/components/VueTeste.vue">
      <metrics statements="2" coveredstatements="2" conditionals="0" coveredconditionals="0" methods="0" coveredmethods="0"/>
      <line num="3" count="1" type="stmt"/>
      <line num="7" count="1" type="stmt"/>
    </file>
  </project>
</coverage>
